<?xml version="1.0" encoding="UTF-8"?>
<!-- Generated by org.testng.reporters.JUnitReportReporter -->
<testsuite hostname="DESKTOP-3PO054P" failures="0" tests="1" name="kalamsir.SampleProgram" time="0.059" errors="0" timestamp="2023-08-14T18:14:26 IST" skipped="0">
  <testcase classname="kalamsir.SampleProgram" name="method" time="0.059"/>
</testsuite> <!-- kalamsir.SampleProgram -->
